<?xml version="1.0" encoding="UTF-8"?>
<coverage generated="1684514732379" clover="3.2.0">
  <project timestamp="1684514732379" name="All files">
    <metrics statements="13" coveredstatements="5" conditionals="2" coveredconditionals="0" methods="4" coveredmethods="2" elements="19" coveredelements="7" complexity="0" loc="13" ncloc="13" packages="1" files="2" classes="2"/>
    <file name="Task.js" path="C:\Users\Tomás\Documents\GitHub\Partner-review-To-Do-List\src\Task.js">
      <metrics statements="3" coveredstatements="0" conditionals="0" coveredconditionals="0" methods="1" coveredmethods="0"/>
      <line num="3" count="0" type="stmt"/>
      <line num="4" count="0" type="stmt"/>
      <line num="5" count="0" type="stmt"/>
    </file>
    <file name="addDelete.js" path="C:\Users\Tomás\Documents\GitHub\Partner-review-To-Do-List\src\addDelete.js">
      <metrics statements="10" coveredstatements="5" conditionals="2" coveredconditionals="0" methods="3" coveredmethods="2"/>
      <line num="2" count="1" type="stmt"/>
      <line num="3" count="2" type="stmt"/>
      <line num="4" count="4" type="stmt"/>
      <line num="5" count="2" type="stmt"/>
      <line num="8" count="1" type="stmt"/>
      <line num="9" count="0" type="stmt"/>
      <line num="10" count="0" type="cond" truecount="0" falsecount="2"/>
      <line num="11" count="0" type="stmt"/>
      <line num="12" count="0" type="stmt"/>
      <line num="13" count="0" type="stmt"/>
    </file>
  </project>
</coverage>
