{"D:\\All About Programing\\microverse\\WithinMicroverse\\JavaScript and Networking\\Week 3\\day 3\\Partner-review-To-Do-List\\src\\Task.js": {"path":"D:\\All About Programing\\microverse\\WithinMicroverse\\JavaScript and Networking\\Week 3\\day 3\\Partner-review-To-Do-List\\src\\Task.js","statementMap":{"0":{"start":{"line":3,"column":4},"end":{"line":3,"column":35}},"1":{"start":{"line":4,"column":4},"end":{"line":4,"column":31}},"2":{"start":{"line":5,"column":4},"end":{"line":5,"column":23}}},"fnMap":{"0":{"name":"(anonymous_0)","decl":{"start":{"line":2,"column":2},"end":{"line":2,"column":3}},"loc":{"start":{"line":2,"column":45},"end":{"line":6,"column":3}},"line":2}},"branchMap":{},"s":{"0":0,"1":0,"2":0},"f":{"0":0},"b":{},"_coverageSchema":"1a1c01bbd47fc00a2c39e90264f33305004495a9","hash":"b925f763d82411d5ea8230e750d504c8be61ed5a"}
,"D:\\All About Programing\\microverse\\WithinMicroverse\\JavaScript and Networking\\Week 3\\day 3\\Partner-review-To-Do-List\\src\\addDelete.js": {"path":"D:\\All About Programing\\microverse\\WithinMicroverse\\JavaScript and Networking\\Week 3\\day 3\\Partner-review-To-Do-List\\src\\addDelete.js","statementMap":{"0":{"start":{"line":3,"column":27},"end":{"line":7,"column":1}},"1":{"start":{"line":4,"column":15},"end":{"line":4,"column":56}},"2":{"start":{"line":5,"column":24},"end":{"line":5,"column":76}},"3":{"start":{"line":5,"column":49},"end":{"line":5,"column":75}},"4":{"start":{"line":6,"column":2},"end":{"line":6,"column":48}},"5":{"start":{"line":9,"column":19},"end":{"line":14,"column":1}},"6":{"start":{"line":10,"column":2},"end":{"line":13,"column":3}},"7":{"start":{"line":11,"column":17},"end":{"line":11,"column":65}},"8":{"start":{"line":12,"column":4},"end":{"line":12,"column":23}}},"fnMap":{"0":{"name":"(anonymous_0)","decl":{"start":{"line":3,"column":27},"end":{"line":3,"column":28}},"loc":{"start":{"line":3,"column":37},"end":{"line":7,"column":1}},"line":3},"1":{"name":"(anonymous_1)","decl":{"start":{"line":5,"column":36},"end":{"line":5,"column":37}},"loc":{"start":{"line":5,"column":49},"end":{"line":5,"column":75}},"line":5},"2":{"name":"(anonymous_2)","decl":{"start":{"line":9,"column":19},"end":{"line":9,"column":20}},"loc":{"start":{"line":9,"column":45},"end":{"line":14,"column":1}},"line":9}},"branchMap":{"0":{"loc":{"start":{"line":10,"column":2},"end":{"line":13,"column":3}},"type":"if","locations":[{"start":{"line":10,"column":2},"end":{"line":13,"column":3}},{"start":{},"end":{}}],"line":10}},"s":{"0":1,"1":2,"2":2,"3":2,"4":2,"5":1,"6":2,"7":1,"8":1},"f":{"0":2,"1":2,"2":2},"b":{"0":[1,1]},"_coverageSchema":"1a1c01bbd47fc00a2c39e90264f33305004495a9","hash":"539834f3e58a72a2e12602089f9549df2ff3cf75"}
}
