{"C:\\Users\\Tomás\\Documents\\GitHub\\Partner-review-To-Do-List\\src\\Task.js": {"path":"C:\\Users\\Tomás\\Documents\\GitHub\\Partner-review-To-Do-List\\src\\Task.js","statementMap":{"0":{"start":{"line":3,"column":4},"end":{"line":3,"column":35}},"1":{"start":{"line":4,"column":4},"end":{"line":4,"column":31}},"2":{"start":{"line":5,"column":4},"end":{"line":5,"column":23}}},"fnMap":{"0":{"name":"(anonymous_0)","decl":{"start":{"line":2,"column":2},"end":{"line":2,"column":3}},"loc":{"start":{"line":2,"column":45},"end":{"line":6,"column":3}},"line":2}},"branchMap":{},"s":{"0":0,"1":0,"2":0},"f":{"0":0},"b":{},"_coverageSchema":"1a1c01bbd47fc00a2c39e90264f33305004495a9","hash":"672cc411bc93293a8fe442c50fa48b8f4eca06ff"}
,"C:\\Users\\Tomás\\Documents\\GitHub\\Partner-review-To-Do-List\\src\\addDelete.js": {"path":"C:\\Users\\Tomás\\Documents\\GitHub\\Partner-review-To-Do-List\\src\\addDelete.js","statementMap":{"0":{"start":{"line":2,"column":27},"end":{"line":6,"column":1}},"1":{"start":{"line":3,"column":15},"end":{"line":3,"column":56}},"2":{"start":{"line":4,"column":24},"end":{"line":4,"column":76}},"3":{"start":{"line":4,"column":49},"end":{"line":4,"column":75}},"4":{"start":{"line":5,"column":2},"end":{"line":5,"column":48}},"5":{"start":{"line":8,"column":19},"end":{"line":15,"column":1}},"6":{"start":{"line":9,"column":22},"end":{"line":9,"column":43}},"7":{"start":{"line":10,"column":6},"end":{"line":14,"column":7}},"8":{"start":{"line":11,"column":21},"end":{"line":11,"column":69}},"9":{"start":{"line":12,"column":8},"end":{"line":12,"column":30}},"10":{"start":{"line":13,"column":8},"end":{"line":13,"column":28}}},"fnMap":{"0":{"name":"(anonymous_0)","decl":{"start":{"line":2,"column":27},"end":{"line":2,"column":28}},"loc":{"start":{"line":2,"column":37},"end":{"line":6,"column":1}},"line":2},"1":{"name":"(anonymous_1)","decl":{"start":{"line":4,"column":36},"end":{"line":4,"column":37}},"loc":{"start":{"line":4,"column":49},"end":{"line":4,"column":75}},"line":4},"2":{"name":"(anonymous_2)","decl":{"start":{"line":8,"column":19},"end":{"line":8,"column":20}},"loc":{"start":{"line":8,"column":42},"end":{"line":15,"column":1}},"line":8}},"branchMap":{"0":{"loc":{"start":{"line":10,"column":6},"end":{"line":14,"column":7}},"type":"if","locations":[{"start":{"line":10,"column":6},"end":{"line":14,"column":7}},{"start":{},"end":{}}],"line":10}},"s":{"0":1,"1":2,"2":2,"3":4,"4":2,"5":1,"6":0,"7":0,"8":0,"9":0,"10":0},"f":{"0":2,"1":4,"2":0},"b":{"0":[0,0]},"_coverageSchema":"1a1c01bbd47fc00a2c39e90264f33305004495a9","hash":"0b9b79321804e58e3f6a57c4f2d6d5ff5db2dfe9"}
}
